0 verbose cli /usr/local/bin/node /usr/local/bin/npm
1 info using npm@11.6.2
2 info using node@v24.12.0
3 silly config load:file:/usr/local/lib/node_modules/npm/npmrc
4 silly config load:file:/Users/alvin/Desktop/RBIP web app/.npmrc
5 silly config load:file:/Users/alvin/.npmrc
6 silly config load:file:/usr/local/etc/npmrc
7 verbose title npm install @dnd-kit/modifiers@latest
8 verbose argv "install" "@dnd-kit/modifiers@latest" "--cache" ".npm-cache"
9 verbose logfile logs-max:10 dir:/Users/alvin/Desktop/RBIP web app/.npm-cache/_logs/2026-01-14T04_00_50_213Z-
10 verbose logfile /Users/alvin/Desktop/RBIP web app/.npm-cache/_logs/2026-01-14T04_00_50_213Z-debug-0.log
11 silly logfile done cleaning log files
12 silly packumentCache heap:4496293888 maxSize:1124073472 maxEntrySize:562036736
13 silly packumentCache corgi:https://registry.npmjs.org/@dnd-kit%2fmodifiers cache-miss
14 http fetch GET 200 https://registry.npmjs.org/@dnd-kit%2fmodifiers 255ms (cache miss)
15 silly packumentCache corgi:https://registry.npmjs.org/@dnd-kit%2fmodifiers set size:undefined disposed:false
16 silly idealTree buildDeps
17 silly fetch manifest @dnd-kit/modifiers@9.0.0
18 silly packumentCache full:https://registry.npmjs.org/@dnd-kit%2fmodifiers cache-miss
19 http fetch GET 200 https://registry.npmjs.org/@dnd-kit%2fmodifiers 2358ms (cache miss)
20 silly packumentCache full:https://registry.npmjs.org/@dnd-kit%2fmodifiers set size:undefined disposed:false
21 silly fetch manifest @dnd-kit/core@^6.1.0
22 silly packumentCache full:https://registry.npmjs.org/@dnd-kit%2fcore cache-miss
23 http fetch GET 200 https://registry.npmjs.org/@dnd-kit%2fcore 2798ms (cache miss)
24 silly packumentCache full:https://registry.npmjs.org/@dnd-kit%2fcore set size:undefined disposed:false
25 silly fetch manifest react@^18.3.1
26 silly packumentCache full:https://registry.npmjs.org/react cache-miss
27 http fetch GET 200 https://registry.npmjs.org/react 390ms (cache miss)
28 silly packumentCache full:https://registry.npmjs.org/react set size:undefined disposed:false
29 silly fetch manifest react-dom@^18.3.1
30 silly packumentCache full:https://registry.npmjs.org/react-dom cache-miss
31 http fetch GET 200 https://registry.npmjs.org/react-dom 548ms (cache miss)
32 silly packumentCache full:https://registry.npmjs.org/react-dom set size:undefined disposed:false
33 silly placeDep ROOT @dnd-kit/modifiers@9.0.0 OK for: rbip-duty-list@0.1.0 want: 9.0.0
34 silly reify moves {}
35 silly audit bulk request {
35 silly audit   '@alloc/quick-lru': [ '5.2.0' ],
35 silly audit   '@dnd-kit/accessibility': [ '3.1.1' ],
35 silly audit   '@dnd-kit/core': [ '6.3.1' ],
35 silly audit   '@dnd-kit/sortable': [ '8.0.0' ],
35 silly audit   '@dnd-kit/utilities': [ '3.2.2' ],
35 silly audit   '@emnapi/core': [ '1.7.1' ],
35 silly audit   '@emnapi/runtime': [ '1.7.1' ],
35 silly audit   '@emnapi/wasi-threads': [ '1.1.0' ],
35 silly audit   '@eslint-community/eslint-utils': [ '4.9.0' ],
35 silly audit   '@eslint-community/regexpp': [ '4.12.2' ],
35 silly audit   '@eslint/eslintrc': [ '2.1.4' ],
35 silly audit   '@eslint/js': [ '8.57.1' ],
35 silly audit   '@floating-ui/core': [ '1.7.3' ],
35 silly audit   '@floating-ui/dom': [ '1.7.4' ],
35 silly audit   '@floating-ui/react-dom': [ '2.1.6' ],
35 silly audit   '@floating-ui/utils': [ '0.2.10' ],
35 silly audit   '@hookform/resolvers': [ '3.10.0' ],
35 silly audit   '@humanwhocodes/config-array': [ '0.13.0' ],
35 silly audit   '@humanwhocodes/module-importer': [ '1.0.1' ],
35 silly audit   '@humanwhocodes/object-schema': [ '2.0.3' ],
35 silly audit   '@isaacs/cliui': [ '8.0.2' ],
35 silly audit   'ansi-regex': [ '6.2.2', '5.0.1' ],
35 silly audit   'strip-ansi': [ '7.1.2', '6.0.1' ],
35 silly audit   '@jridgewell/gen-mapping': [ '0.3.13' ],
35 silly audit   '@jridgewell/resolve-uri': [ '3.1.2' ],
35 silly audit   '@jridgewell/sourcemap-codec': [ '1.5.5' ],
35 silly audit   '@jridgewell/trace-mapping': [ '0.3.31' ],
35 silly audit   '@lottiefiles/dotlottie-react': [ '0.17.12' ],
35 silly audit   '@lottiefiles/dotlottie-web': [ '0.60.0' ],
35 silly audit   '@napi-rs/wasm-runtime': [ '0.2.12' ],
35 silly audit   '@next/env': [ '14.2.5' ],
35 silly audit   '@next/eslint-plugin-next': [ '14.2.5' ],
35 silly audit   '@next/swc-darwin-arm64': [ '14.2.5' ],
35 silly audit   '@next/swc-darwin-x64': [ '14.2.5' ],
35 silly audit   '@next/swc-linux-arm64-gnu': [ '14.2.5' ],
35 silly audit   '@next/swc-linux-arm64-musl': [ '14.2.5' ],
35 silly audit   '@next/swc-linux-x64-gnu': [ '14.2.5' ],
35 silly audit   '@next/swc-linux-x64-musl': [ '14.2.5' ],
35 silly audit   '@next/swc-win32-arm64-msvc': [ '14.2.5' ],
35 silly audit   '@next/swc-win32-ia32-msvc': [ '14.2.5' ],
35 silly audit   '@next/swc-win32-x64-msvc': [ '14.2.5' ],
35 silly audit   '@nodelib/fs.scandir': [ '2.1.5' ],
35 silly audit   '@nodelib/fs.stat': [ '2.0.5' ],
35 silly audit   '@nodelib/fs.walk': [ '1.2.8' ],
35 silly audit   '@nolyfill/is-core-module': [ '1.0.39' ],
35 silly audit   '@pkgjs/parseargs': [ '0.11.0' ],
35 silly audit   '@radix-ui/number': [ '1.1.1' ],
35 silly audit   '@radix-ui/primitive': [ '1.1.3' ],
35 silly audit   '@radix-ui/react-arrow': [ '1.1.7' ],
35 silly audit   '@radix-ui/react-collection': [ '1.1.7' ],
35 silly audit   '@radix-ui/react-compose-refs': [ '1.1.2' ],
35 silly audit   '@radix-ui/react-context': [ '1.1.2' ],
35 silly audit   '@radix-ui/react-dialog': [ '1.1.15' ],
35 silly audit   '@radix-ui/react-direction': [ '1.1.1' ],
35 silly audit   '@radix-ui/react-dismissable-layer': [ '1.1.11' ],
35 silly audit   '@radix-ui/react-focus-guards': [ '1.1.3' ],
35 silly audit   '@radix-ui/react-focus-scope': [ '1.1.7' ],
35 silly audit   '@radix-ui/react-id': [ '1.1.1' ],
35 silly audit   '@radix-ui/react-popper': [ '1.2.8' ],
35 silly audit   '@radix-ui/react-portal': [ '1.1.9' ],
35 silly audit   '@radix-ui/react-presence': [ '1.1.5' ],
35 silly audit   '@radix-ui/react-primitive': [ '2.1.3' ],
35 silly audit   '@radix-ui/react-select': [ '2.2.6' ],
35 silly audit   '@radix-ui/react-slot': [ '1.2.3' ],
35 silly audit   '@radix-ui/react-use-callback-ref': [ '1.1.1' ],
35 silly audit   '@radix-ui/react-use-controllable-state': [ '1.2.2' ],
35 silly audit   '@radix-ui/react-use-effect-event': [ '0.0.2' ],
35 silly audit   '@radix-ui/react-use-escape-keydown': [ '1.1.1' ],
35 silly audit   '@radix-ui/react-use-layout-effect': [ '1.1.1' ],
35 silly audit   '@radix-ui/react-use-previous': [ '1.1.1' ],
35 silly audit   '@radix-ui/react-use-rect': [ '1.1.1' ],
35 silly audit   '@radix-ui/react-use-size': [ '1.1.1' ],
35 silly audit   '@radix-ui/react-visually-hidden': [ '1.2.3' ],
35 silly audit   '@radix-ui/rect': [ '1.1.1' ],
35 silly audit   '@remirror/core-constants': [ '3.0.0' ],
35 silly audit   '@rtsao/scc': [ '1.1.0' ],
35 silly audit   '@rushstack/eslint-patch': [ '1.15.0' ],
35 silly audit   '@supabase/auth-js': [ '2.87.1' ],
35 silly audit   '@supabase/functions-js': [ '2.87.1' ],
35 silly audit   '@supabase/postgrest-js': [ '2.87.1' ],
35 silly audit   '@supabase/realtime-js': [ '2.87.1' ],
35 silly audit   '@supabase/ssr': [ '0.1.0' ],
35 silly audit   '@supabase/storage-js': [ '2.87.1' ],
35 silly audit   '@supabase/supabase-js': [ '2.87.1' ],
35 silly audit   '@swc/counter': [ '0.1.3' ],
35 silly audit   '@swc/helpers': [ '0.5.5' ],
35 silly audit   '@tiptap/core': [ '3.15.3' ],
35 silly audit   '@tiptap/extension-blockquote': [ '3.15.3' ],
35 silly audit   '@tiptap/extension-bold': [ '3.15.3' ],
35 silly audit   '@tiptap/extension-bubble-menu': [ '3.15.3' ],
35 silly audit   '@tiptap/extension-bullet-list': [ '3.15.3' ],
35 silly audit   '@tiptap/extension-code': [ '3.15.3' ],
35 silly audit   '@tiptap/extension-code-block': [ '3.15.3' ],
35 silly audit   '@tiptap/extension-color': [ '3.15.3' ],
35 silly audit   '@tiptap/extension-document': [ '3.15.3' ],
35 silly audit   '@tiptap/extension-dropcursor': [ '3.15.3' ],
35 silly audit   '@tiptap/extension-floating-menu': [ '3.15.3' ],
35 silly audit   '@tiptap/extension-gapcursor': [ '3.15.3' ],
35 silly audit   '@tiptap/extension-hard-break': [ '3.15.3' ],
35 silly audit   '@tiptap/extension-heading': [ '3.15.3' ],
35 silly audit   '@tiptap/extension-highlight': [ '3.15.3' ],
35 silly audit   '@tiptap/extension-horizontal-rule': [ '3.15.3' ],
35 silly audit   '@tiptap/extension-italic': [ '3.15.3' ],
35 silly audit   '@tiptap/extension-link': [ '3.15.3' ],
35 silly audit   '@tiptap/extension-list': [ '3.15.3' ],
35 silly audit   '@tiptap/extension-list-item': [ '3.15.3' ],
35 silly audit   '@tiptap/extension-list-keymap': [ '3.15.3' ],
35 silly audit   '@tiptap/extension-ordered-list': [ '3.15.3' ],
35 silly audit   '@tiptap/extension-paragraph': [ '3.15.3' ],
35 silly audit   '@tiptap/extension-strike': [ '3.15.3' ],
35 silly audit   '@tiptap/extension-text': [ '3.15.3' ],
35 silly audit   '@tiptap/extension-text-style': [ '3.15.3' ],
35 silly audit   '@tiptap/extension-underline': [ '3.15.3' ],
35 silly audit   '@tiptap/extensions': [ '3.15.3' ],
35 silly audit   '@tiptap/pm': [ '3.15.3' ],
35 silly audit   '@tiptap/react': [ '3.15.3' ],
35 silly audit   '@tiptap/starter-kit': [ '3.15.3' ],
35 silly audit   '@tybys/wasm-util': [ '0.10.1' ],
35 silly audit   '@types/json5': [ '0.0.29' ],
35 silly audit   '@types/linkify-it': [ '5.0.0' ],
35 silly audit   '@types/markdown-it': [ '14.1.2' ],
35 silly audit   '@types/mdurl': [ '2.0.0' ],
35 silly audit   '@types/node': [ '20.19.26' ],
35 silly audit   '@types/phoenix': [ '1.6.7' ],
35 silly audit   '@types/prop-types': [ '15.7.15' ],
35 silly audit   '@types/react': [ '18.3.27' ],
35 silly audit   '@types/react-dom': [ '18.3.7' ],
35 silly audit   '@types/use-sync-external-store': [ '0.0.6' ],
35 silly audit   '@types/ws': [ '8.18.1' ],
35 silly audit   '@typescript-eslint/parser': [ '7.2.0' ],
35 silly audit   '@typescript-eslint/scope-manager': [ '7.2.0' ],
35 silly audit   '@typescript-eslint/types': [ '7.2.0' ],
35 silly audit   '@typescript-eslint/typescript-estree': [ '7.2.0' ],
35 silly audit   'brace-expansion': [ '2.0.2', '1.1.12' ],
35 silly audit   minimatch: [ '9.0.3', '9.0.5', '3.1.2' ],
35 silly audit   '@typescript-eslint/visitor-keys': [ '7.2.0' ],
35 silly audit   '@ungap/structured-clone': [ '1.3.0' ],
35 silly audit   '@unrs/resolver-binding-android-arm-eabi': [ '1.11.1' ],
35 silly audit   '@unrs/resolver-binding-android-arm64': [ '1.11.1' ],
35 silly audit   '@unrs/resolver-binding-darwin-arm64': [ '1.11.1' ],
35 silly audit   '@unrs/resolver-binding-darwin-x64': [ '1.11.1' ],
35 silly audit   '@unrs/resolver-binding-freebsd-x64': [ '1.11.1' ],
35 silly audit   '@unrs/resolver-binding-linux-arm-gnueabihf': [ '1.11.1' ],
35 silly audit   '@unrs/resolver-binding-linux-arm-musleabihf': [ '1.11.1' ],
35 silly audit   '@unrs/resolver-binding-linux-arm64-gnu': [ '1.11.1' ],
35 silly audit   '@unrs/resolver-binding-linux-arm64-musl': [ '1.11.1' ],
35 silly audit   '@unrs/resolver-binding-linux-ppc64-gnu': [ '1.11.1' ],
35 silly audit   '@unrs/resolver-binding-linux-riscv64-gnu': [ '1.11.1' ],
35 silly audit   '@unrs/resolver-binding-linux-riscv64-musl': [ '1.11.1' ],
35 silly audit   '@unrs/resolver-binding-linux-s390x-gnu': [ '1.11.1' ],
35 silly audit   '@unrs/resolver-binding-linux-x64-gnu': [ '1.11.1' ],
35 silly audit   '@unrs/resolver-binding-linux-x64-musl': [ '1.11.1' ],
35 silly audit   '@unrs/resolver-binding-wasm32-wasi': [ '1.11.1' ],
35 silly audit   '@unrs/resolver-binding-win32-arm64-msvc': [ '1.11.1' ],
35 silly audit   '@unrs/resolver-binding-win32-ia32-msvc': [ '1.11.1' ],
35 silly audit   '@unrs/resolver-binding-win32-x64-msvc': [ '1.11.1' ],
35 silly audit   acorn: [ '8.15.0' ],
35 silly audit   'acorn-jsx': [ '5.3.2' ],
35 silly audit   ajv: [ '6.12.6' ],
35 silly audit   'ansi-styles': [ '4.3.0', '6.2.3' ],
35 silly audit   'any-promise': [ '1.3.0' ],
35 silly audit   anymatch: [ '3.1.3' ],
35 silly audit   arg: [ '5.0.2' ],
35 silly audit   argparse: [ '2.0.1' ],
35 silly audit   'aria-hidden': [ '1.2.6' ],
35 silly audit   'aria-query': [ '5.3.2' ],
35 silly audit   'array-buffer-byte-length': [ '1.0.2' ],
35 silly audit   'array-includes': [ '3.1.9' ],
35 silly audit   'array-union': [ '2.1.0' ],
35 silly audit   'array.prototype.findlast': [ '1.2.5' ],
35 silly audit   'array.prototype.findlastindex': [ '1.2.6' ],
35 silly audit   'array.prototype.flat': [ '1.3.3' ],
35 silly audit   'array.prototype.flatmap': [ '1.3.3' ],
35 silly audit   'array.prototype.tosorted': [ '1.1.4' ],
35 silly audit   'arraybuffer.prototype.slice': [ '1.0.4' ],
35 silly audit   'ast-types-flow': [ '0.0.8' ],
35 silly audit   astronomia: [ '4.2.0' ],
35 silly audit   'async-function': [ '1.0.0' ],
35 silly audit   autoprefixer: [ '10.4.22' ],
35 silly audit   'available-typed-arrays': [ '1.0.7' ],
35 silly audit   'axe-core': [ '4.11.0' ],
35 silly audit   'axobject-query': [ '4.1.0' ],
35 silly audit   'balanced-match': [ '1.0.2' ],
35 silly audit   'baseline-browser-mapping': [ '2.9.7' ],
35 silly audit   'binary-extensions': [ '2.3.0' ],
35 silly audit   braces: [ '3.0.3' ],
35 silly audit   browserslist: [ '4.28.1' ],
35 silly audit   busboy: [ '1.6.0' ],
35 silly audit   caldate: [ '2.0.5' ],
35 silly audit   'call-bind': [ '1.0.8' ],
35 silly audit   'call-bind-apply-helpers': [ '1.0.2' ],
35 silly audit   'call-bound': [ '1.0.4' ],
35 silly audit   callsites: [ '3.1.0' ],
35 silly audit   'camelcase-css': [ '2.0.1' ],
35 silly audit   'caniuse-lite': [ '1.0.30001760' ],
35 silly audit   chalk: [ '4.1.2' ],
35 silly audit   chokidar: [ '3.6.0' ],
35 silly audit   'glob-parent': [ '5.1.2', '6.0.2' ],
35 silly audit   'class-variance-authority': [ '0.7.1' ],
35 silly audit   'client-only': [ '0.0.1' ],
35 silly audit   clsx: [ '2.1.1' ],
35 silly audit   'color-convert': [ '2.0.1' ],
35 silly audit   'color-name': [ '1.1.4' ],
35 silly audit   commander: [ '4.1.1' ],
35 silly audit   'concat-map': [ '0.0.1' ],
35 silly audit   cookie: [ '0.5.0' ],
35 silly audit   crelt: [ '1.0.6' ],
35 silly audit   'cross-spawn': [ '7.0.6' ],
35 silly audit   cssesc: [ '3.0.0' ],
35 silly audit   csstype: [ '3.2.3' ],
35 silly audit   'damerau-levenshtein': [ '1.0.8' ],
35 silly audit   'data-view-buffer': [ '1.0.2' ],
35 silly audit   'data-view-byte-length': [ '1.0.2' ],
35 silly audit   'data-view-byte-offset': [ '1.0.1' ],
35 silly audit   'date-bengali-revised': [ '2.0.2' ],
35 silly audit   'date-chinese': [ '2.1.4' ],
35 silly audit   'date-easter': [ '1.0.3' ],
35 silly audit   'date-fns': [ '3.6.0' ],
35 silly audit   'date-holidays': [ '3.26.6' ],
35 silly audit   'date-holidays-parser': [ '3.4.7' ],
35 silly audit   debug: [ '4.4.3', '3.2.7' ],
35 silly audit   'deep-is': [ '0.1.4' ],
35 silly audit   deepmerge: [ '4.3.1' ],
35 silly audit   'define-data-property': [ '1.1.4' ],
35 silly audit   'define-properties': [ '1.2.1' ],
35 silly audit   'detect-node-es': [ '1.1.0' ],
35 silly audit   didyoumean: [ '1.2.2' ],
35 silly audit   'dir-glob': [ '3.0.1' ],
35 silly audit   dlv: [ '1.1.3' ],
35 silly audit   doctrine: [ '3.0.0', '2.1.0' ],
35 silly audit   dotenv: [ '17.2.3' ],
35 silly audit   'dunder-proto': [ '1.0.1' ],
35 silly audit   eastasianwidth: [ '0.2.0' ],
35 silly audit   'electron-to-chromium': [ '1.5.267' ],
35 silly audit   'emoji-regex': [ '9.2.2', '8.0.0' ],
35 silly audit   entities: [ '4.5.0' ],
35 silly audit   'es-abstract': [ '1.24.1' ],
35 silly audit   'es-define-property': [ '1.0.1' ],
35 silly audit   'es-errors': [ '1.3.0' ],
35 silly audit   'es-iterator-helpers': [ '1.2.1' ],
35 silly audit   'es-object-atoms': [ '1.1.1' ],
35 silly audit   'es-set-tostringtag': [ '2.1.0' ],
35 silly audit   'es-shim-unscopables': [ '1.1.0' ],
35 silly audit   'es-to-primitive': [ '1.3.0' ],
35 silly audit   escalade: [ '3.2.0' ],
35 silly audit   'escape-string-regexp': [ '4.0.0' ],
35 silly audit   eslint: [ '8.57.1' ],
35 silly audit   'eslint-config-next': [ '14.2.5' ],
35 silly audit   'eslint-import-resolver-node': [ '0.3.9' ],
35 silly audit   'eslint-import-resolver-typescript': [ '3.10.1' ],
35 silly audit   'eslint-module-utils': [ '2.12.1' ],
35 silly audit   'eslint-plugin-import': [ '2.32.0' ],
35 silly audit   semver: [ '6.3.1', '7.7.3' ],
35 silly audit   'eslint-plugin-jsx-a11y': [ '6.10.2' ],
35 silly audit   'eslint-plugin-react': [ '7.37.5' ],
35 silly audit   'eslint-plugin-react-hooks': [ '5.0.0-canary-7118f5dd7-20230705' ],
35 silly audit   resolve: [ '2.0.0-next.5', '1.22.11' ],
35 silly audit   'eslint-scope': [ '7.2.2' ],
35 silly audit   'eslint-visitor-keys': [ '3.4.3' ],
35 silly audit   espree: [ '9.6.1' ],
35 silly audit   esquery: [ '1.6.0' ],
35 silly audit   esrecurse: [ '4.3.0' ],
35 silly audit   estraverse: [ '5.3.0' ],
35 silly audit   esutils: [ '2.0.3' ],
35 silly audit   'fast-deep-equal': [ '3.1.3' ],
35 silly audit   'fast-equals': [ '5.4.0' ],
35 silly audit   'fast-glob': [ '3.3.3' ],
35 silly audit   'fast-json-stable-stringify': [ '2.1.0' ],
35 silly audit   'fast-levenshtein': [ '2.0.6' ],
35 silly audit   fastq: [ '1.19.1' ],
35 silly audit   'file-entry-cache': [ '6.0.1' ],
35 silly audit   'fill-range': [ '7.1.1' ],
35 silly audit   'find-up': [ '5.0.0' ],
35 silly audit   'flat-cache': [ '3.2.0' ],
35 silly audit   flatted: [ '3.3.3' ],
35 silly audit   'for-each': [ '0.3.5' ],
35 silly audit   'foreground-child': [ '3.3.1' ],
35 silly audit   'fraction.js': [ '5.3.4' ],
35 silly audit   'fs.realpath': [ '1.0.0' ],
35 silly audit   fsevents: [ '2.3.3' ],
35 silly audit   'function-bind': [ '1.1.2' ],
35 silly audit   'function.prototype.name': [ '1.1.8' ],
35 silly audit   'functions-have-names': [ '1.2.3' ],
35 silly audit   'generator-function': [ '2.0.1' ],
35 silly audit   'get-intrinsic': [ '1.3.0' ],
35 silly audit   'get-nonce': [ '1.0.1' ],
35 silly audit   'get-proto': [ '1.0.1' ],
35 silly audit   'get-symbol-description': [ '1.1.0' ],
35 silly audit   'get-tsconfig': [ '4.13.0' ],
35 silly audit   glob: [ '10.3.10', '7.2.3' ],
35 silly audit   globals: [ '13.24.0' ],
35 silly audit   globalthis: [ '1.0.4' ],
35 silly audit   globby: [ '11.1.0' ],
35 silly audit   gopd: [ '1.2.0' ],
35 silly audit   'graceful-fs': [ '4.2.11' ],
35 silly audit   graphemer: [ '1.4.0' ],
35 silly audit   'has-bigints': [ '1.1.0' ],
35 silly audit   'has-flag': [ '4.0.0' ],
35 silly audit   'has-property-descriptors': [ '1.0.2' ],
35 silly audit   'has-proto': [ '1.2.0' ],
35 silly audit   'has-symbols': [ '1.1.0' ],
35 silly audit   'has-tostringtag': [ '1.0.2' ],
35 silly audit   hasown: [ '2.0.2' ],
35 silly audit   'iceberg-js': [ '0.8.1' ],
35 silly audit   ignore: [ '5.3.2' ],
35 silly audit   'import-fresh': [ '3.3.1' ],
35 silly audit   imurmurhash: [ '0.1.4' ],
35 silly audit   inflight: [ '1.0.6' ],
35 silly audit   inherits: [ '2.0.4' ],
35 silly audit   'internal-slot': [ '1.1.0' ],
35 silly audit   'is-array-buffer': [ '3.0.5' ],
35 silly audit   'is-async-function': [ '2.1.1' ],
35 silly audit   'is-bigint': [ '1.1.0' ],
35 silly audit   'is-binary-path': [ '2.1.0' ],
35 silly audit   'is-boolean-object': [ '1.2.2' ],
35 silly audit   'is-bun-module': [ '2.0.0' ],
35 silly audit   'is-callable': [ '1.2.7' ],
35 silly audit   'is-core-module': [ '2.16.1' ],
35 silly audit   'is-data-view': [ '1.0.2' ],
35 silly audit   'is-date-object': [ '1.1.0' ],
35 silly audit   'is-extglob': [ '2.1.1' ],
35 silly audit   'is-finalizationregistry': [ '1.1.1' ],
35 silly audit   'is-fullwidth-code-point': [ '3.0.0' ],
35 silly audit   'is-generator-function': [ '1.1.2' ],
35 silly audit   'is-glob': [ '4.0.3' ],
35 silly audit   'is-map': [ '2.0.3' ],
35 silly audit   'is-negative-zero': [ '2.0.3' ],
35 silly audit   'is-number': [ '7.0.0' ],
35 silly audit   'is-number-object': [ '1.1.1' ],
35 silly audit   'is-path-inside': [ '3.0.3' ],
35 silly audit   'is-regex': [ '1.2.1' ],
35 silly audit   'is-set': [ '2.0.3' ],
35 silly audit   'is-shared-array-buffer': [ '1.0.4' ],
35 silly audit   'is-string': [ '1.1.1' ],
35 silly audit   'is-symbol': [ '1.1.1' ],
35 silly audit   'is-typed-array': [ '1.1.15' ],
35 silly audit   'is-weakmap': [ '2.0.2' ],
35 silly audit   'is-weakref': [ '1.1.1' ],
35 silly audit   'is-weakset': [ '2.0.4' ],
35 silly audit   isarray: [ '2.0.5' ],
35 silly audit   isexe: [ '2.0.0' ],
35 silly audit   'iterator.prototype': [ '1.1.5' ],
35 silly audit   jackspeak: [ '2.3.6' ],
35 silly audit   'jalaali-js': [ '1.2.8' ],
35 silly audit   jiti: [ '1.21.7' ],
35 silly audit   'js-tokens': [ '4.0.0' ],
35 silly audit   'js-yaml': [ '4.1.1' ],
35 silly audit   'json-buffer': [ '3.0.1' ],
35 silly audit   'json-schema-traverse': [ '0.4.1' ],
35 silly audit   'json-stable-stringify-without-jsonify': [ '1.0.1' ],
35 silly audit   json5: [ '1.0.2' ],
35 silly audit   'jsx-ast-utils': [ '3.3.5' ],
35 silly audit   keyv: [ '4.5.4' ],
35 silly audit   'language-subtag-registry': [ '0.3.23' ],
35 silly audit   'language-tags': [ '1.0.9' ],
35 silly audit   levn: [ '0.4.1' ],
35 silly audit   lilconfig: [ '3.1.3' ],
35 silly audit   'lines-and-columns': [ '1.2.4' ],
35 silly audit   'linkify-it': [ '5.0.0' ],
35 silly audit   linkifyjs: [ '4.3.2' ],
35 silly audit   'locate-path': [ '6.0.0' ],
35 silly audit   lodash: [ '4.17.21' ],
35 silly audit   'lodash.merge': [ '4.6.2' ],
35 silly audit   'loose-envify': [ '1.4.0' ],
35 silly audit   'lru-cache': [ '10.4.3' ],
35 silly audit   'lucide-react': [ '0.344.0' ],
35 silly audit   'markdown-it': [ '14.1.0' ],
35 silly audit   'math-intrinsics': [ '1.1.0' ],
35 silly audit   mdurl: [ '2.0.0' ],
35 silly audit   merge2: [ '1.4.1' ],
35 silly audit   micromatch: [ '4.0.8' ],
35 silly audit   minimist: [ '1.2.8' ],
35 silly audit   minipass: [ '7.1.2' ],
35 silly audit   moment: [ '2.30.1' ],
35 silly audit   'moment-timezone': [ '0.5.48' ],
35 silly audit   ms: [ '2.1.3' ],
35 silly audit   mz: [ '2.7.0' ],
35 silly audit   nanoid: [ '3.3.11' ],
35 silly audit   'napi-postinstall': [ '0.3.4' ],
35 silly audit   'natural-compare': [ '1.4.0' ],
35 silly audit   next: [ '14.2.5' ],
35 silly audit   postcss: [ '8.4.31', '8.5.6' ],
35 silly audit   'node-releases': [ '2.0.27' ],
35 silly audit   'normalize-path': [ '3.0.0' ],
35 silly audit   'normalize-range': [ '0.1.2' ],
35 silly audit   'object-assign': [ '4.1.1' ],
35 silly audit   'object-hash': [ '3.0.0' ],
35 silly audit   'object-inspect': [ '1.13.4' ],
35 silly audit   'object-keys': [ '1.1.1' ],
35 silly audit   'object.assign': [ '4.1.7' ],
35 silly audit   'object.entries': [ '1.1.9' ],
35 silly audit   'object.fromentries': [ '2.0.8' ],
35 silly audit   'object.groupby': [ '1.0.3' ],
35 silly audit   'object.values': [ '1.2.1' ],
35 silly audit   once: [ '1.4.0' ],
35 silly audit   optionator: [ '0.9.4' ],
35 silly audit   orderedmap: [ '2.1.1' ],
35 silly audit   'own-keys': [ '1.0.1' ],
35 silly audit   'p-limit': [ '3.1.0' ],
35 silly audit   'p-locate': [ '5.0.0' ],
35 silly audit   'parent-module': [ '1.0.1' ],
35 silly audit   'path-exists': [ '4.0.0' ],
35 silly audit   'path-is-absolute': [ '1.0.1' ],
35 silly audit   'path-key': [ '3.1.1' ],
35 silly audit   'path-parse': [ '1.0.7' ],
35 silly audit   'path-scurry': [ '1.11.1' ],
35 silly audit   'path-type': [ '4.0.0' ],
35 silly audit   picocolors: [ '1.1.1' ],
35 silly audit   picomatch: [ '2.3.1', '4.0.3' ],
35 silly audit   pify: [ '2.3.0' ],
35 silly audit   pirates: [ '4.0.7' ],
35 silly audit   'possible-typed-array-names': [ '1.1.0' ],
35 silly audit   'postcss-import': [ '15.1.0' ],
35 silly audit   'postcss-js': [ '4.1.0' ],
35 silly audit   'postcss-load-config': [ '6.0.1' ],
35 silly audit   'postcss-nested': [ '6.2.0' ],
35 silly audit   'postcss-selector-parser': [ '6.1.2' ],
35 silly audit   'postcss-value-parser': [ '4.2.0' ],
35 silly audit   'prelude-ls': [ '1.2.1' ],
35 silly audit   prepin: [ '1.0.3' ],
35 silly audit   'prop-types': [ '15.8.1' ],
35 silly audit   'prosemirror-changeset': [ '2.3.1' ],
35 silly audit   'prosemirror-collab': [ '1.3.1' ],
35 silly audit   'prosemirror-commands': [ '1.7.1' ],
35 silly audit   'prosemirror-dropcursor': [ '1.8.2' ],
35 silly audit   'prosemirror-gapcursor': [ '1.4.0' ],
35 silly audit   'prosemirror-history': [ '1.5.0' ],
35 silly audit   'prosemirror-inputrules': [ '1.5.1' ],
35 silly audit   'prosemirror-keymap': [ '1.2.3' ],
35 silly audit   'prosemirror-markdown': [ '1.13.2' ],
35 silly audit   'prosemirror-menu': [ '1.2.5' ],
35 silly audit   'prosemirror-model': [ '1.25.4' ],
35 silly audit   'prosemirror-schema-basic': [ '1.2.4' ],
35 silly audit   'prosemirror-schema-list': [ '1.5.1' ],
35 silly audit   'prosemirror-state': [ '1.4.4' ],
35 silly audit   'prosemirror-tables': [ '1.8.5' ],
35 silly audit   'prosemirror-trailing-node': [ '3.0.0' ],
35 silly audit   'prosemirror-transform': [ '1.10.5' ],
35 silly audit   'prosemirror-view': [ '1.41.4' ],
35 silly audit   punycode: [ '2.3.1' ],
35 silly audit   'punycode.js': [ '2.3.1' ],
35 silly audit   'queue-microtask': [ '1.2.3' ],
35 silly audit   ramda: [ '0.29.1' ],
35 silly audit   react: [ '18.3.1' ],
35 silly audit   'react-dom': [ '18.3.1' ],
35 silly audit   'react-hook-form': [ '7.68.0' ],
35 silly audit   'react-is': [ '16.13.1' ],
35 silly audit   'react-remove-scroll': [ '2.7.2' ],
35 silly audit   'react-remove-scroll-bar': [ '2.3.8' ],
35 silly audit   'react-style-singleton': [ '2.2.3' ],
35 silly audit   'read-cache': [ '1.0.0' ],
35 silly audit   readdirp: [ '3.6.0' ],
35 silly audit   'reflect.getprototypeof': [ '1.0.10' ],
35 silly audit   'regexp.prototype.flags': [ '1.5.4' ],
35 silly audit   'resolve-from': [ '4.0.0' ],
35 silly audit   'resolve-pkg-maps': [ '1.0.0' ],
35 silly audit   reusify: [ '1.1.0' ],
35 silly audit   rimraf: [ '3.0.2' ],
35 silly audit   'rope-sequence': [ '1.3.4' ],
35 silly audit   'run-parallel': [ '1.2.0' ],
35 silly audit   'safe-array-concat': [ '1.1.3' ],
35 silly audit   'safe-push-apply': [ '1.0.0' ],
35 silly audit   'safe-regex-test': [ '1.1.0' ],
35 silly audit   scheduler: [ '0.23.2' ],
35 silly audit   'set-function-length': [ '1.2.2' ],
35 silly audit   'set-function-name': [ '2.0.2' ],
35 silly audit   'set-proto': [ '1.0.0' ],
35 silly audit   'shebang-command': [ '2.0.0' ],
35 silly audit   'shebang-regex': [ '3.0.0' ],
35 silly audit   'side-channel': [ '1.1.0' ],
35 silly audit   'side-channel-list': [ '1.0.0' ],
35 silly audit   'side-channel-map': [ '1.0.1' ],
35 silly audit   'side-channel-weakmap': [ '1.0.2' ],
35 silly audit   'signal-exit': [ '4.1.0' ],
35 silly audit   slash: [ '3.0.0' ],
35 silly audit   'source-map-js': [ '1.2.1' ],
35 silly audit   'stable-hash': [ '0.0.5' ],
35 silly audit   'stop-iteration-iterator': [ '1.1.0' ],
35 silly audit   streamsearch: [ '1.1.0' ],
35 silly audit   'string-width': [ '5.1.2', '4.2.3' ],
35 silly audit   'string.prototype.includes': [ '2.0.1' ],
35 silly audit   'string.prototype.matchall': [ '4.0.12' ],
35 silly audit   'string.prototype.repeat': [ '1.0.0' ],
35 silly audit   'string.prototype.trim': [ '1.2.10' ],
35 silly audit   'string.prototype.trimend': [ '1.0.9' ],
35 silly audit   'string.prototype.trimstart': [ '1.0.8' ],
35 silly audit   'strip-bom': [ '3.0.0' ],
35 silly audit   'strip-json-comments': [ '3.1.1' ],
35 silly audit   'styled-jsx': [ '5.1.1' ],
35 silly audit   sucrase: [ '3.35.1' ],
35 silly audit   'supports-color': [ '7.2.0' ],
35 silly audit   'supports-preserve-symlinks-flag': [ '1.0.0' ],
35 silly audit   'tailwind-merge': [ '2.6.0' ],
35 silly audit   tailwindcss: [ '3.4.19' ],
35 silly audit   'tailwindcss-animate': [ '1.0.7' ],
35 silly audit   'text-table': [ '0.2.0' ],
35 silly audit   thenify: [ '3.3.1' ],
35 silly audit   'thenify-all': [ '1.6.0' ],
35 silly audit   tinyglobby: [ '0.2.15' ],
35 silly audit   fdir: [ '6.5.0' ],
35 silly audit   'to-regex-range': [ '5.0.1' ],
35 silly audit   'ts-api-utils': [ '1.4.3' ],
35 silly audit   'ts-interface-checker': [ '0.1.13' ],
35 silly audit   'tsconfig-paths': [ '3.15.0' ],
35 silly audit   tslib: [ '2.8.1' ],
35 silly audit   'type-check': [ '0.4.0' ],
35 silly audit   'type-fest': [ '0.20.2' ],
35 silly audit   'typed-array-buffer': [ '1.0.3' ],
35 silly audit   'typed-array-byte-length': [ '1.0.3' ],
35 silly audit   'typed-array-byte-offset': [ '1.0.4' ],
35 silly audit   'typed-array-length': [ '1.0.7' ],
35 silly audit   typescript: [ '5.9.3' ],
35 silly audit   'uc.micro': [ '2.1.0' ],
35 silly audit   'unbox-primitive': [ '1.1.0' ],
35 silly audit   'undici-types': [ '6.21.0' ],
35 silly audit   'unrs-resolver': [ '1.11.1' ],
35 silly audit   'update-browserslist-db': [ '1.2.2' ],
35 silly audit   'uri-js': [ '4.4.1' ],
35 silly audit   'use-callback-ref': [ '1.3.3' ],
35 silly audit   'use-sidecar': [ '1.1.3' ],
35 silly audit   'use-sync-external-store': [ '1.6.0' ],
35 silly audit   'util-deprecate': [ '1.0.2' ],
35 silly audit   'w3c-keyname': [ '2.2.8' ],
35 silly audit   which: [ '2.0.2' ],
35 silly audit   'which-boxed-primitive': [ '1.1.1' ],
35 silly audit   'which-builtin-type': [ '1.2.1' ],
35 silly audit   'which-collection': [ '1.0.2' ],
35 silly audit   'which-typed-array': [ '1.1.19' ],
35 silly audit   'word-wrap': [ '1.2.5' ],
35 silly audit   'wrap-ansi': [ '8.1.0', '7.0.0' ],
35 silly audit   wrappy: [ '1.0.2' ],
35 silly audit   ws: [ '8.18.3' ],
35 silly audit   'yocto-queue': [ '0.1.0' ],
35 silly audit   zod: [ '3.25.76' ],
35 silly audit   zustand: [ '4.5.7' ],
35 silly audit   '@dnd-kit/modifiers': [ '9.0.0' ]
35 silly audit }
36 http cache @dnd-kit/modifiers@https://registry.npmjs.org/@dnd-kit/modifiers/-/modifiers-9.0.0.tgz 0ms (cache hit)
37 silly tarball no local data for @dnd-kit/modifiers@https://registry.npmjs.org/@dnd-kit/modifiers/-/modifiers-9.0.0.tgz. Extracting by manifest.
38 http fetch POST 200 https://registry.npmjs.org/-/npm/v1/security/advisories/bulk 621ms
39 silly audit report {
39 silly audit report   cookie: [
39 silly audit report     {
39 silly audit report       id: 1103907,
39 silly audit report       url: 'https://github.com/advisories/GHSA-pxg6-pf52-xh8x',
39 silly audit report       title: 'cookie accepts cookie name, path, and domain with out of bounds characters',
39 silly audit report       severity: 'low',
39 silly audit report       vulnerable_versions: '<0.7.0',
39 silly audit report       cwe: [Array],
39 silly audit report       cvss: [Object]
39 silly audit report     }
39 silly audit report   ],
39 silly audit report   glob: [
39 silly audit report     {
39 silly audit report       id: 1109842,
39 silly audit report       url: 'https://github.com/advisories/GHSA-5j98-mcp5-4vw2',
39 silly audit report       title: 'glob CLI: Command injection via -c/--cmd executes matches with shell:true',
39 silly audit report       severity: 'high',
39 silly audit report       vulnerable_versions: '>=10.2.0 <10.5.0',
39 silly audit report       cwe: [Array],
39 silly audit report       cvss: [Object]
39 silly audit report     }
39 silly audit report   ],
39 silly audit report   next: [
39 silly audit report     {
39 silly audit report       id: 1099638,
39 silly audit report       url: 'https://github.com/advisories/GHSA-gp8f-8m3g-qvj9',
39 silly audit report       title: 'Next.js Cache Poisoning',
39 silly audit report       severity: 'high',
39 silly audit report       vulnerable_versions: '>=14.0.0 <14.2.10',
39 silly audit report       cwe: [Array],
39 silly audit report       cvss: [Object]
39 silly audit report     },
39 silly audit report     {
39 silly audit report       id: 1100421,
39 silly audit report       url: 'https://github.com/advisories/GHSA-g77x-44xx-532m',
39 silly audit report       title: 'Denial of Service condition in Next.js image optimization',
39 silly audit report       severity: 'moderate',
39 silly audit report       vulnerable_versions: '>=10.0.0 <14.2.7',
39 silly audit report       cwe: [Array],
39 silly audit report       cvss: [Object]
39 silly audit report     },
39 silly audit report     {
39 silly audit report       id: 1101438,
39 silly audit report       url: 'https://github.com/advisories/GHSA-7m27-7ghc-44w9',
39 silly audit report       title: 'Next.js Allows a Denial of Service (DoS) with Server Actions',
39 silly audit report       severity: 'moderate',
39 silly audit report       vulnerable_versions: '>=14.0.0 <14.2.21',
39 silly audit report       cwe: [Array],
39 silly audit report       cvss: [Object]
39 silly audit report     },
39 silly audit report     {
39 silly audit report       id: 1105461,
39 silly audit report       url: 'https://github.com/advisories/GHSA-3h52-269p-cp9r',
39 silly audit report       title: 'Information exposure in Next.js dev server due to lack of origin verification',
39 silly audit report       severity: 'low',
39 silly audit report       vulnerable_versions: '>=13.0 <14.2.30',
39 silly audit report       cwe: [Array],
39 silly audit report       cvss: [Object]
39 silly audit report     },
39 silly audit report     {
39 silly audit report       id: 1111391,
39 silly audit report       url: 'https://github.com/advisories/GHSA-mwv6-3258-q52c',
39 silly audit report       title: 'Next Vulnerable to Denial of Service with Server Components',
39 silly audit report       severity: 'high',
39 silly audit report       vulnerable_versions: '>=13.3.0 <14.2.34',
39 silly audit report       cwe: [Array],
39 silly audit report       cvss: [Object]
39 silly audit report     },
39 silly audit report     {
39 silly audit report       id: 1111461,
39 silly audit report       url: 'https://github.com/advisories/GHSA-5j59-xgg2-r9c4',
39 silly audit report       title: 'Next has a Denial of Service with Server Components - Incomplete Fix Follow-Up',
39 silly audit report       severity: 'high',
39 silly audit report       vulnerable_versions: '>=13.3.1-canary.0 <14.2.35',
39 silly audit report       cwe: [Array],
39 silly audit report       cvss: [Object]
39 silly audit report     },
39 silly audit report     {
39 silly audit report       id: 1107226,
39 silly audit report       url: 'https://github.com/advisories/GHSA-g5qg-72qw-gw5v',
39 silly audit report       title: 'Next.js Affected by Cache Key Confusion for Image Optimization API Routes',
39 silly audit report       severity: 'moderate',
39 silly audit report       vulnerable_versions: '>=0.9.9 <14.2.31',
39 silly audit report       cwe: [Array],
39 silly audit report       cvss: [Object]
39 silly audit report     },
39 silly audit report     {
39 silly audit report       id: 1107420,
39 silly audit report       url: 'https://github.com/advisories/GHSA-7gfc-8cq8-jh5f',
39 silly audit report       title: 'Next.js authorization bypass vulnerability',
39 silly audit report       severity: 'high',
39 silly audit report       vulnerable_versions: '>=9.5.5 <14.2.15',
39 silly audit report       cwe: [Array],
39 silly audit report       cvss: [Object]
39 silly audit report     },
39 silly audit report     {
39 silly audit report       id: 1107512,
39 silly audit report       url: 'https://github.com/advisories/GHSA-4342-x723-ch2f',
39 silly audit report       title: 'Next.js Improper Middleware Redirect Handling Leads to SSRF',
39 silly audit report       severity: 'moderate',
39 silly audit report       vulnerable_versions: '>=0.9.9 <14.2.32',
39 silly audit report       cwe: [Array],
39 silly audit report       cvss: [Object]
39 silly audit report     },
39 silly audit report     {
39 silly audit report       id: 1107513,
39 silly audit report       url: 'https://github.com/advisories/GHSA-xv57-4mr9-wg8v',
39 silly audit report       title: 'Next.js Content Injection Vulnerability for Image Optimization',
39 silly audit report       severity: 'moderate',
39 silly audit report       vulnerable_versions: '>=0.9.9 <14.2.31',
39 silly audit report       cwe: [Array],
39 silly audit report       cvss: [Object]
39 silly audit report     },
39 silly audit report     {
39 silly audit report       id: 1108291,
39 silly audit report       url: 'https://github.com/advisories/GHSA-qpjv-v59x-3qc4',
39 silly audit report       title: 'Next.js Race Condition to Cache Poisoning',
39 silly audit report       severity: 'low',
39 silly audit report       vulnerable_versions: '>=0.9.9 <14.2.24',
39 silly audit report       cwe: [Array],
39 silly audit report       cvss: [Object]
39 silly audit report     },
39 silly audit report     {
39 silly audit report       id: 1108953,
39 silly audit report       url: 'https://github.com/advisories/GHSA-f82v-jwr5-mffw',
39 silly audit report       title: 'Authorization Bypass in Next.js Middleware',
39 silly audit report       severity: 'critical',
39 silly audit report       vulnerable_versions: '>=14.0.0 <14.2.25',
39 silly audit report       cwe: [Array],
39 silly audit report       cvss: [Object]
39 silly audit report     }
39 silly audit report   ]
39 silly audit report }
40 silly packumentCache corgi:https://registry.npmjs.org/cookie cache-miss
41 silly packumentCache corgi:https://registry.npmjs.org/glob cache-miss
42 silly packumentCache corgi:https://registry.npmjs.org/next cache-miss
43 http fetch GET 200 https://registry.npmjs.org/glob 739ms (cache miss)
44 silly packumentCache corgi:https://registry.npmjs.org/glob set size:undefined disposed:false
45 http fetch GET 200 https://registry.npmjs.org/@dnd-kit/modifiers/-/modifiers-9.0.0.tgz 1362ms (cache miss)
46 http fetch GET 200 https://registry.npmjs.org/cookie 848ms (cache miss)
47 silly packumentCache corgi:https://registry.npmjs.org/cookie set size:undefined disposed:false
48 http fetch GET 200 https://registry.npmjs.org/next 20584ms (cache miss)
49 silly packumentCache corgi:https://registry.npmjs.org/next set size:undefined disposed:false
50 silly packumentCache corgi:https://registry.npmjs.org/@supabase%2fssr cache-miss
51 http fetch GET 200 https://registry.npmjs.org/@supabase%2fssr 1846ms (cache miss)
52 silly packumentCache corgi:https://registry.npmjs.org/@supabase%2fssr set size:undefined disposed:false
53 silly packumentCache corgi:https://registry.npmjs.org/@next%2feslint-plugin-next cache-miss
54 http fetch GET 200 https://registry.npmjs.org/@next%2feslint-plugin-next 14134ms (cache miss)
55 silly packumentCache corgi:https://registry.npmjs.org/@next%2feslint-plugin-next set size:undefined disposed:false
56 silly packumentCache corgi:https://registry.npmjs.org/eslint-config-next cache-miss
57 http fetch GET 200 https://registry.npmjs.org/eslint-config-next 4336ms (cache miss)
58 silly packumentCache corgi:https://registry.npmjs.org/eslint-config-next set size:undefined disposed:false
59 silly ADD node_modules/@dnd-kit/modifiers
60 verbose cwd /Users/alvin/Desktop/RBIP web app
61 verbose os Darwin 25.1.0
62 verbose node v24.12.0
63 verbose npm  v11.6.2
64 verbose exit 0
65 info ok
